
Relocation section '.rel.text' at offset 0x734 contains 3 entries:
 Offset     Info    Type            Sym.Value  Sym. Name
00000008  0000131c R_ARM_CALL        00000018   afficher
00000024  0000141c R_ARM_CALL        00000000   puts
00000030  00000202 R_ARM_ABS32       00000000   .rodata

Relocation section '.rel.debug_aranges' at offset 0x74c contains 4 entries:
 Offset     Info    Type            Sym.Value  Sym. Name
00000006  00000702 R_ARM_ABS32       00000000   .debug_info
00000010  00000102 R_ARM_ABS32       00000000   .text
00000026  00000702 R_ARM_ABS32       00000000   .debug_info
00000030  00000102 R_ARM_ABS32       00000000   .text

Relocation section '.rel.debug_info' at offset 0x76c contains 27 entries:
 Offset     Info    Type            Sym.Value  Sym. Name
00000006  00000802 R_ARM_ABS32       00000000   .debug_abbrev
0000000c  00000b02 R_ARM_ABS32       00000000   .debug_str
00000011  00000b02 R_ARM_ABS32       00000000   .debug_str
00000015  00000b02 R_ARM_ABS32       00000000   .debug_str
00000019  00000102 R_ARM_ABS32       00000000   .text
00000021  00000902 R_ARM_ABS32       00000000   .debug_line
00000026  00000b02 R_ARM_ABS32       00000000   .debug_str
00000031  00000102 R_ARM_ABS32       00000000   .text
00000049  00000802 R_ARM_ABS32       00000000   .debug_abbrev
0000004f  00000b02 R_ARM_ABS32       00000000   .debug_str
00000054  00000b02 R_ARM_ABS32       00000000   .debug_str
00000058  00000b02 R_ARM_ABS32       00000000   .debug_str
0000005c  00000102 R_ARM_ABS32       00000000   .text
00000064  00000902 R_ARM_ABS32       00000000   .debug_line
0000006b  00000b02 R_ARM_ABS32       00000000   .debug_str
00000072  00000b02 R_ARM_ABS32       00000000   .debug_str
00000079  00000b02 R_ARM_ABS32       00000000   .debug_str
00000080  00000b02 R_ARM_ABS32       00000000   .debug_str
00000087  00000b02 R_ARM_ABS32       00000000   .debug_str
0000008e  00000b02 R_ARM_ABS32       00000000   .debug_str
00000095  00000b02 R_ARM_ABS32       00000000   .debug_str
0000009c  00000b02 R_ARM_ABS32       00000000   .debug_str
000000aa  00000b02 R_ARM_ABS32       00000000   .debug_str
000000b1  00000b02 R_ARM_ABS32       00000000   .debug_str
000000b8  00000b02 R_ARM_ABS32       00000000   .debug_str
000000bd  00000b02 R_ARM_ABS32       00000000   .debug_str
000000c4  00000102 R_ARM_ABS32       00000000   .text

Relocation section '.rel.debug_line' at offset 0x844 contains 2 entries:
 Offset     Info    Type            Sym.Value  Sym. Name
0000002d  00000102 R_ARM_ABS32       00000000   .text
0000006d  00000102 R_ARM_ABS32       00000000   .text

Relocation section '.rel.debug_frame' at offset 0x854 contains 4 entries:
 Offset     Info    Type            Sym.Value  Sym. Name
00000014  00000a02 R_ARM_ABS32       00000000   .debug_frame
00000018  00000102 R_ARM_ABS32       00000000   .text
00000040  00000a02 R_ARM_ABS32       00000000   .debug_frame
00000044  00000102 R_ARM_ABS32       00000000   .text
