This file contains any messages produced by compilers while
running configure, to aid debugging if configure makes a mistake.

It was created by ELF_Linker configure 1.0, which was
generated by GNU Autoconf 2.71.  Invocation command line was

  $ ./configure 'CFLAGS=-Wall -Werror -Wno-unused-result -g' --no-create --no-recursion

## --------- ##
## Platform. ##
## --------- ##

hostname = clemPc
uname -m = x86_64
uname -r = 5.15.0-56-generic
uname -s = Linux
uname -v = #62-Ubuntu SMP Tue Nov 22 19:54:14 UTC 2022

/usr/bin/uname -p = x86_64
/bin/uname -X     = unknown

/bin/arch              = x86_64
/usr/bin/arch -k       = unknown
/usr/convex/getsysinfo = unknown
/usr/bin/hostinfo      = unknown
/bin/machine           = unknown
/usr/bin/oslevel       = unknown
/bin/universe          = unknown

PATH: /usr/local/sbin/
PATH: /usr/local/bin/
PATH: /usr/sbin/
PATH: /usr/bin/
PATH: /sbin/
PATH: /bin/
PATH: /usr/games/
PATH: /usr/local/games/
PATH: /snap/bin/
PATH: /snap/bin/


## ----------- ##
## Core tests. ##
## ----------- ##

configure:2553: looking for aux files: config.guess config.sub compile missing install-sh
configure:2566:  trying ./build-aux/
configure:2595:   ./build-aux/config.guess found
configure:2595:   ./build-aux/config.sub found
configure:2595:   ./build-aux/compile found
configure:2595:   ./build-aux/missing found
configure:2577:   ./build-aux/install-sh found
configure:2725: checking for a BSD-compatible install
configure:2798: result: /usr/bin/install -c
configure:2809: checking whether build environment is sane
configure:2864: result: yes
configure:3023: checking for a race-free mkdir -p
configure:3067: result: /usr/bin/mkdir -p
configure:3074: checking for gawk
configure:3109: result: no
configure:3074: checking for mawk
configure:3095: found /usr/bin/mawk
configure:3106: result: mawk
configure:3117: checking whether make sets $(MAKE)
configure:3140: result: yes
configure:3170: checking whether make supports nested variables
configure:3188: result: yes
configure:3390: checking for gcc
configure:3411: found /usr/bin/gcc
configure:3422: result: gcc
configure:3775: checking for C compiler version
configure:3784: gcc --version >&5
gcc (Ubuntu 11.3.0-1ubuntu1~22.04) 11.3.0
Copyright (C) 2021 Free Software Foundation, Inc.
This is free software; see the source for copying conditions.  There is NO
warranty; not even for MERCHANTABILITY or FITNESS FOR A PARTICULAR PURPOSE.

configure:3795: $? = 0
configure:3784: gcc -v >&5
Using built-in specs.
COLLECT_GCC=gcc
COLLECT_LTO_WRAPPER=/usr/lib/gcc/x86_64-linux-gnu/11/lto-wrapper
OFFLOAD_TARGET_NAMES=nvptx-none:amdgcn-amdhsa
OFFLOAD_TARGET_DEFAULT=1
Target: x86_64-linux-gnu
Configured with: ../src/configure -v --with-pkgversion='Ubuntu 11.3.0-1ubuntu1~22.04' --with-bugurl=file:///usr/share/doc/gcc-11/README.Bugs --enable-languages=c,ada,c++,go,brig,d,fortran,objc,obj-c++,m2 --prefix=/usr --with-gcc-major-version-only --program-suffix=-11 --program-prefix=x86_64-linux-gnu- --enable-shared --enable-linker-build-id --libexecdir=/usr/lib --without-included-gettext --enable-threads=posix --libdir=/usr/lib --enable-nls --enable-bootstrap --enable-clocale=gnu --enable-libstdcxx-debug --enable-libstdcxx-time=yes --with-default-libstdcxx-abi=new --enable-gnu-unique-object --disable-vtable-verify --enable-plugin --enable-default-pie --with-system-zlib --enable-libphobos-checking=release --with-target-system-zlib=auto --enable-objc-gc=auto --enable-multiarch --disable-werror --enable-cet --with-arch-32=i686 --with-abi=m64 --with-multilib-list=m32,m64,mx32 --enable-multilib --with-tune=generic --enable-offload-targets=nvptx-none=/build/gcc-11-xKiWfi/gcc-11-11.3.0/debian/tmp-nvptx/usr,amdgcn-amdhsa=/build/gcc-11-xKiWfi/gcc-11-11.3.0/debian/tmp-gcn/usr --without-cuda-driver --enable-checking=release --build=x86_64-linux-gnu --host=x86_64-linux-gnu --target=x86_64-linux-gnu --with-build-config=bootstrap-lto-lean --enable-link-serialization=2
Thread model: posix
Supported LTO compression algorithms: zlib zstd
gcc version 11.3.0 (Ubuntu 11.3.0-1ubuntu1~22.04) 
... rest of stderr output deleted ...
configure:3795: $? = 0
configure:3784: gcc -V >&5
gcc: error: unrecognized command-line option '-V'
gcc: fatal error: no input files
compilation terminated.
configure:3795: $? = 1
configure:3784: gcc -qversion >&5
gcc: error: unrecognized command-line option '-qversion'; did you mean '--version'?
gcc: fatal error: no input files
compilation terminated.
configure:3795: $? = 1
configure:3784: gcc -version >&5
gcc: error: unrecognized command-line option '-version'
gcc: fatal error: no input files
compilation terminated.
configure:3795: $? = 1
configure:3815: checking whether the C compiler works
configure:3837: gcc -Wall -Werror -Wno-unused-result -g   conftest.c  >&5
configure:3841: $? = 0
configure:3891: result: yes
configure:3894: checking for C compiler default output file name
configure:3896: result: a.out
configure:3902: checking for suffix of executables
configure:3909: gcc -o conftest -Wall -Werror -Wno-unused-result -g   conftest.c  >&5
configure:3913: $? = 0
configure:3936: result: 
configure:3958: checking whether we are cross compiling
configure:3966: gcc -o conftest -Wall -Werror -Wno-unused-result -g   conftest.c  >&5
configure:3970: $? = 0
configure:3977: ./conftest
configure:3981: $? = 0
configure:3996: result: no
configure:4001: checking for suffix of object files
configure:4024: gcc -c -Wall -Werror -Wno-unused-result -g  conftest.c >&5
configure:4028: $? = 0
configure:4050: result: o
configure:4054: checking whether the compiler supports GNU C
configure:4074: gcc -c -Wall -Werror -Wno-unused-result -g  conftest.c >&5
configure:4074: $? = 0
configure:4084: result: yes
configure:4095: checking whether gcc accepts -g
configure:4116: gcc -c -g  conftest.c >&5
configure:4116: $? = 0
configure:4160: result: yes
configure:4180: checking for gcc option to enable C11 features
configure:4195: gcc  -c -Wall -Werror -Wno-unused-result -g  conftest.c >&5
configure:4195: $? = 0
configure:4213: result: none needed
configure:4329: checking whether gcc understands -c and -o together
configure:4352: gcc -c conftest.c -o conftest2.o
configure:4355: $? = 0
configure:4352: gcc -c conftest.c -o conftest2.o
configure:4355: $? = 0
configure:4367: result: yes
configure:4387: checking whether make supports the include directive
configure:4402: make -f confmf.GNU && cat confinc.out
make[1]: Entering directory '/home/clement/Documents/GitHub/Projet-PROG5/elf_linker-1.0'
make[1]: Leaving directory '/home/clement/Documents/GitHub/Projet-PROG5/elf_linker-1.0'
this is the am__doit target
configure:4405: $? = 0
configure:4424: result: yes (GNU style)
configure:4450: checking dependency style of gcc
configure:4562: result: gcc3
configure:4582: checking for flex
configure:4617: result: no
configure:4582: checking for lex
configure:4617: result: no
configure:4868: checking for stdio.h
configure:4868: gcc -c -Wall -Werror -Wno-unused-result -g  conftest.c >&5
configure:4868: $? = 0
configure:4868: result: yes
configure:4868: checking for stdlib.h
configure:4868: gcc -c -Wall -Werror -Wno-unused-result -g  conftest.c >&5
configure:4868: $? = 0
configure:4868: result: yes
configure:4868: checking for string.h
configure:4868: gcc -c -Wall -Werror -Wno-unused-result -g  conftest.c >&5
configure:4868: $? = 0
configure:4868: result: yes
configure:4868: checking for inttypes.h
configure:4868: gcc -c -Wall -Werror -Wno-unused-result -g  conftest.c >&5
configure:4868: $? = 0
configure:4868: result: yes
configure:4868: checking for stdint.h
configure:4868: gcc -c -Wall -Werror -Wno-unused-result -g  conftest.c >&5
configure:4868: $? = 0
configure:4868: result: yes
configure:4868: checking for strings.h
configure:4868: gcc -c -Wall -Werror -Wno-unused-result -g  conftest.c >&5
configure:4868: $? = 0
configure:4868: result: yes
configure:4868: checking for sys/stat.h
configure:4868: gcc -c -Wall -Werror -Wno-unused-result -g  conftest.c >&5
configure:4868: $? = 0
configure:4868: result: yes
configure:4868: checking for sys/types.h
configure:4868: gcc -c -Wall -Werror -Wno-unused-result -g  conftest.c >&5
configure:4868: $? = 0
configure:4868: result: yes
configure:4868: checking for unistd.h
configure:4868: gcc -c -Wall -Werror -Wno-unused-result -g  conftest.c >&5
configure:4868: $? = 0
configure:4868: result: yes
configure:4868: checking for vfork.h
configure:4868: gcc -c -Wall -Werror -Wno-unused-result -g  conftest.c >&5
conftest.c:48:10: fatal error: vfork.h: No such file or directory
   48 | #include <vfork.h>
      |          ^~~~~~~~~
compilation terminated.
configure:4868: $? = 1
configure: failed program was:
| /* confdefs.h */
| #define PACKAGE_NAME "ELF_Linker"
| #define PACKAGE_TARNAME "elf_linker"
| #define PACKAGE_VERSION "1.0"
| #define PACKAGE_STRING "ELF_Linker 1.0"
| #define PACKAGE_BUGREPORT "Guillaume.Huard@imag.fr"
| #define PACKAGE_URL ""
| #define PACKAGE "elf_linker"
| #define VERSION "1.0"
| #define HAVE_STDIO_H 1
| #define HAVE_STDLIB_H 1
| #define HAVE_STRING_H 1
| #define HAVE_INTTYPES_H 1
| #define HAVE_STDINT_H 1
| #define HAVE_STRINGS_H 1
| #define HAVE_SYS_STAT_H 1
| #define HAVE_SYS_TYPES_H 1
| #define HAVE_UNISTD_H 1
| /* end confdefs.h.  */
| #include <stddef.h>
| #ifdef HAVE_STDIO_H
| # include <stdio.h>
| #endif
| #ifdef HAVE_STDLIB_H
| # include <stdlib.h>
| #endif
| #ifdef HAVE_STRING_H
| # include <string.h>
| #endif
| #ifdef HAVE_INTTYPES_H
| # include <inttypes.h>
| #endif
| #ifdef HAVE_STDINT_H
| # include <stdint.h>
| #endif
| #ifdef HAVE_STRINGS_H
| # include <strings.h>
| #endif
| #ifdef HAVE_SYS_TYPES_H
| # include <sys/types.h>
| #endif
| #ifdef HAVE_SYS_STAT_H
| # include <sys/stat.h>
| #endif
| #ifdef HAVE_UNISTD_H
| # include <unistd.h>
| #endif
| #include <vfork.h>
configure:4868: result: no
configure:4868: checking for sys/param.h
configure:4868: gcc -c -Wall -Werror -Wno-unused-result -g  conftest.c >&5
configure:4868: $? = 0
configure:4868: result: yes
configure:4893: checking for arpa/inet.h
configure:4893: gcc -c -Wall -Werror -Wno-unused-result -g  conftest.c >&5
configure:4893: $? = 0
configure:4893: result: yes
configure:4899: checking for fcntl.h
configure:4899: gcc -c -Wall -Werror -Wno-unused-result -g  conftest.c >&5
configure:4899: $? = 0
configure:4899: result: yes
configure:4905: checking for inttypes.h
configure:4905: result: yes
configure:4911: checking for netdb.h
configure:4911: gcc -c -Wall -Werror -Wno-unused-result -g  conftest.c >&5
configure:4911: $? = 0
configure:4911: result: yes
configure:4917: checking for netinet/in.h
configure:4917: gcc -c -Wall -Werror -Wno-unused-result -g  conftest.c >&5
configure:4917: $? = 0
configure:4917: result: yes
configure:4923: checking for stdlib.h
configure:4923: result: yes
configure:4929: checking for string.h
configure:4929: result: yes
configure:4935: checking for strings.h
configure:4935: result: yes
configure:4941: checking for sys/socket.h
configure:4941: gcc -c -Wall -Werror -Wno-unused-result -g  conftest.c >&5
configure:4941: $? = 0
configure:4941: result: yes
configure:4947: checking for sys/time.h
configure:4947: gcc -c -Wall -Werror -Wno-unused-result -g  conftest.c >&5
configure:4947: $? = 0
configure:4947: result: yes
configure:4953: checking for unistd.h
configure:4953: result: yes
configure:4962: checking for mode_t
configure:4962: gcc -c -Wall -Werror -Wno-unused-result -g  conftest.c >&5
configure:4962: $? = 0
configure:4962: gcc -c -Wall -Werror -Wno-unused-result -g  conftest.c >&5
conftest.c: In function 'main':
conftest.c:64:21: error: expected expression before ')' token
   64 | if (sizeof ((mode_t)))
      |                     ^
configure:4962: $? = 1
configure: failed program was:
| /* confdefs.h */
| #define PACKAGE_NAME "ELF_Linker"
| #define PACKAGE_TARNAME "elf_linker"
| #define PACKAGE_VERSION "1.0"
| #define PACKAGE_STRING "ELF_Linker 1.0"
| #define PACKAGE_BUGREPORT "Guillaume.Huard@imag.fr"
| #define PACKAGE_URL ""
| #define PACKAGE "elf_linker"
| #define VERSION "1.0"
| #define HAVE_STDIO_H 1
| #define HAVE_STDLIB_H 1
| #define HAVE_STRING_H 1
| #define HAVE_INTTYPES_H 1
| #define HAVE_STDINT_H 1
| #define HAVE_STRINGS_H 1
| #define HAVE_SYS_STAT_H 1
| #define HAVE_SYS_TYPES_H 1
| #define HAVE_UNISTD_H 1
| #define HAVE_SYS_PARAM_H 1
| #define STDC_HEADERS 1
| #define HAVE_ARPA_INET_H 1
| #define HAVE_FCNTL_H 1
| #define HAVE_INTTYPES_H 1
| #define HAVE_NETDB_H 1
| #define HAVE_NETINET_IN_H 1
| #define HAVE_STDLIB_H 1
| #define HAVE_STRING_H 1
| #define HAVE_STRINGS_H 1
| #define HAVE_SYS_SOCKET_H 1
| #define HAVE_SYS_TIME_H 1
| #define HAVE_UNISTD_H 1
| /* end confdefs.h.  */
| #include <stddef.h>
| #ifdef HAVE_STDIO_H
| # include <stdio.h>
| #endif
| #ifdef HAVE_STDLIB_H
| # include <stdlib.h>
| #endif
| #ifdef HAVE_STRING_H
| # include <string.h>
| #endif
| #ifdef HAVE_INTTYPES_H
| # include <inttypes.h>
| #endif
| #ifdef HAVE_STDINT_H
| # include <stdint.h>
| #endif
| #ifdef HAVE_STRINGS_H
| # include <strings.h>
| #endif
| #ifdef HAVE_SYS_TYPES_H
| # include <sys/types.h>
| #endif
| #ifdef HAVE_SYS_STAT_H
| # include <sys/stat.h>
| #endif
| #ifdef HAVE_UNISTD_H
| # include <unistd.h>
| #endif
| int
| main (void)
| {
| if (sizeof ((mode_t)))
| 	    return 0;
|   ;
|   return 0;
| }
configure:4962: result: yes
configure:4972: checking for off_t
configure:4972: gcc -c -Wall -Werror -Wno-unused-result -g  conftest.c >&5
configure:4972: $? = 0
configure:4972: gcc -c -Wall -Werror -Wno-unused-result -g  conftest.c >&5
conftest.c: In function 'main':
conftest.c:64:20: error: expected expression before ')' token
   64 | if (sizeof ((off_t)))
      |                    ^
configure:4972: $? = 1
configure: failed program was:
| /* confdefs.h */
| #define PACKAGE_NAME "ELF_Linker"
| #define PACKAGE_TARNAME "elf_linker"
| #define PACKAGE_VERSION "1.0"
| #define PACKAGE_STRING "ELF_Linker 1.0"
| #define PACKAGE_BUGREPORT "Guillaume.Huard@imag.fr"
| #define PACKAGE_URL ""
| #define PACKAGE "elf_linker"
| #define VERSION "1.0"
| #define HAVE_STDIO_H 1
| #define HAVE_STDLIB_H 1
| #define HAVE_STRING_H 1
| #define HAVE_INTTYPES_H 1
| #define HAVE_STDINT_H 1
| #define HAVE_STRINGS_H 1
| #define HAVE_SYS_STAT_H 1
| #define HAVE_SYS_TYPES_H 1
| #define HAVE_UNISTD_H 1
| #define HAVE_SYS_PARAM_H 1
| #define STDC_HEADERS 1
| #define HAVE_ARPA_INET_H 1
| #define HAVE_FCNTL_H 1
| #define HAVE_INTTYPES_H 1
| #define HAVE_NETDB_H 1
| #define HAVE_NETINET_IN_H 1
| #define HAVE_STDLIB_H 1
| #define HAVE_STRING_H 1
| #define HAVE_STRINGS_H 1
| #define HAVE_SYS_SOCKET_H 1
| #define HAVE_SYS_TIME_H 1
| #define HAVE_UNISTD_H 1
| /* end confdefs.h.  */
| #include <stddef.h>
| #ifdef HAVE_STDIO_H
| # include <stdio.h>
| #endif
| #ifdef HAVE_STDLIB_H
| # include <stdlib.h>
| #endif
| #ifdef HAVE_STRING_H
| # include <string.h>
| #endif
| #ifdef HAVE_INTTYPES_H
| # include <inttypes.h>
| #endif
| #ifdef HAVE_STDINT_H
| # include <stdint.h>
| #endif
| #ifdef HAVE_STRINGS_H
| # include <strings.h>
| #endif
| #ifdef HAVE_SYS_TYPES_H
| # include <sys/types.h>
| #endif
| #ifdef HAVE_SYS_STAT_H
| # include <sys/stat.h>
| #endif
| #ifdef HAVE_UNISTD_H
| # include <unistd.h>
| #endif
| int
| main (void)
| {
| if (sizeof ((off_t)))
| 	    return 0;
|   ;
|   return 0;
| }
configure:4972: result: yes
configure:4983: checking for pid_t
configure:4983: gcc -c -Wall -Werror -Wno-unused-result -g  conftest.c >&5
configure:4983: $? = 0
configure:4983: gcc -c -Wall -Werror -Wno-unused-result -g  conftest.c >&5
conftest.c: In function 'main':
conftest.c:65:20: error: expected expression before ')' token
   65 | if (sizeof ((pid_t)))
      |                    ^
configure:4983: $? = 1
configure: failed program was:
| /* confdefs.h */
| #define PACKAGE_NAME "ELF_Linker"
| #define PACKAGE_TARNAME "elf_linker"
| #define PACKAGE_VERSION "1.0"
| #define PACKAGE_STRING "ELF_Linker 1.0"
| #define PACKAGE_BUGREPORT "Guillaume.Huard@imag.fr"
| #define PACKAGE_URL ""
| #define PACKAGE "elf_linker"
| #define VERSION "1.0"
| #define HAVE_STDIO_H 1
| #define HAVE_STDLIB_H 1
| #define HAVE_STRING_H 1
| #define HAVE_INTTYPES_H 1
| #define HAVE_STDINT_H 1
| #define HAVE_STRINGS_H 1
| #define HAVE_SYS_STAT_H 1
| #define HAVE_SYS_TYPES_H 1
| #define HAVE_UNISTD_H 1
| #define HAVE_SYS_PARAM_H 1
| #define STDC_HEADERS 1
| #define HAVE_ARPA_INET_H 1
| #define HAVE_FCNTL_H 1
| #define HAVE_INTTYPES_H 1
| #define HAVE_NETDB_H 1
| #define HAVE_NETINET_IN_H 1
| #define HAVE_STDLIB_H 1
| #define HAVE_STRING_H 1
| #define HAVE_STRINGS_H 1
| #define HAVE_SYS_SOCKET_H 1
| #define HAVE_SYS_TIME_H 1
| #define HAVE_UNISTD_H 1
| /* end confdefs.h.  */
| #include <stddef.h>
| #ifdef HAVE_STDIO_H
| # include <stdio.h>
| #endif
| #ifdef HAVE_STDLIB_H
| # include <stdlib.h>
| #endif
| #ifdef HAVE_STRING_H
| # include <string.h>
| #endif
| #ifdef HAVE_INTTYPES_H
| # include <inttypes.h>
| #endif
| #ifdef HAVE_STDINT_H
| # include <stdint.h>
| #endif
| #ifdef HAVE_STRINGS_H
| # include <strings.h>
| #endif
| #ifdef HAVE_SYS_TYPES_H
| # include <sys/types.h>
| #endif
| #ifdef HAVE_SYS_STAT_H
| # include <sys/stat.h>
| #endif
| #ifdef HAVE_UNISTD_H
| # include <unistd.h>
| #endif
| 
| int
| main (void)
| {
| if (sizeof ((pid_t)))
| 	    return 0;
|   ;
|   return 0;
| }
configure:4983: result: yes
configure:5019: checking for size_t
configure:5019: gcc -c -Wall -Werror -Wno-unused-result -g  conftest.c >&5
configure:5019: $? = 0
configure:5019: gcc -c -Wall -Werror -Wno-unused-result -g  conftest.c >&5
conftest.c: In function 'main':
conftest.c:64:21: error: expected expression before ')' token
   64 | if (sizeof ((size_t)))
      |                     ^
configure:5019: $? = 1
configure: failed program was:
| /* confdefs.h */
| #define PACKAGE_NAME "ELF_Linker"
| #define PACKAGE_TARNAME "elf_linker"
| #define PACKAGE_VERSION "1.0"
| #define PACKAGE_STRING "ELF_Linker 1.0"
| #define PACKAGE_BUGREPORT "Guillaume.Huard@imag.fr"
| #define PACKAGE_URL ""
| #define PACKAGE "elf_linker"
| #define VERSION "1.0"
| #define HAVE_STDIO_H 1
| #define HAVE_STDLIB_H 1
| #define HAVE_STRING_H 1
| #define HAVE_INTTYPES_H 1
| #define HAVE_STDINT_H 1
| #define HAVE_STRINGS_H 1
| #define HAVE_SYS_STAT_H 1
| #define HAVE_SYS_TYPES_H 1
| #define HAVE_UNISTD_H 1
| #define HAVE_SYS_PARAM_H 1
| #define STDC_HEADERS 1
| #define HAVE_ARPA_INET_H 1
| #define HAVE_FCNTL_H 1
| #define HAVE_INTTYPES_H 1
| #define HAVE_NETDB_H 1
| #define HAVE_NETINET_IN_H 1
| #define HAVE_STDLIB_H 1
| #define HAVE_STRING_H 1
| #define HAVE_STRINGS_H 1
| #define HAVE_SYS_SOCKET_H 1
| #define HAVE_SYS_TIME_H 1
| #define HAVE_UNISTD_H 1
| /* end confdefs.h.  */
| #include <stddef.h>
| #ifdef HAVE_STDIO_H
| # include <stdio.h>
| #endif
| #ifdef HAVE_STDLIB_H
| # include <stdlib.h>
| #endif
| #ifdef HAVE_STRING_H
| # include <string.h>
| #endif
| #ifdef HAVE_INTTYPES_H
| # include <inttypes.h>
| #endif
| #ifdef HAVE_STDINT_H
| # include <stdint.h>
| #endif
| #ifdef HAVE_STRINGS_H
| # include <strings.h>
| #endif
| #ifdef HAVE_SYS_TYPES_H
| # include <sys/types.h>
| #endif
| #ifdef HAVE_SYS_STAT_H
| # include <sys/stat.h>
| #endif
| #ifdef HAVE_UNISTD_H
| # include <unistd.h>
| #endif
| int
| main (void)
| {
| if (sizeof ((size_t)))
| 	    return 0;
|   ;
|   return 0;
| }
configure:5019: result: yes
configure:5029: checking for ssize_t
configure:5029: gcc -c -Wall -Werror -Wno-unused-result -g  conftest.c >&5
configure:5029: $? = 0
configure:5029: gcc -c -Wall -Werror -Wno-unused-result -g  conftest.c >&5
conftest.c: In function 'main':
conftest.c:64:22: error: expected expression before ')' token
   64 | if (sizeof ((ssize_t)))
      |                      ^
configure:5029: $? = 1
configure: failed program was:
| /* confdefs.h */
| #define PACKAGE_NAME "ELF_Linker"
| #define PACKAGE_TARNAME "elf_linker"
| #define PACKAGE_VERSION "1.0"
| #define PACKAGE_STRING "ELF_Linker 1.0"
| #define PACKAGE_BUGREPORT "Guillaume.Huard@imag.fr"
| #define PACKAGE_URL ""
| #define PACKAGE "elf_linker"
| #define VERSION "1.0"
| #define HAVE_STDIO_H 1
| #define HAVE_STDLIB_H 1
| #define HAVE_STRING_H 1
| #define HAVE_INTTYPES_H 1
| #define HAVE_STDINT_H 1
| #define HAVE_STRINGS_H 1
| #define HAVE_SYS_STAT_H 1
| #define HAVE_SYS_TYPES_H 1
| #define HAVE_UNISTD_H 1
| #define HAVE_SYS_PARAM_H 1
| #define STDC_HEADERS 1
| #define HAVE_ARPA_INET_H 1
| #define HAVE_FCNTL_H 1
| #define HAVE_INTTYPES_H 1
| #define HAVE_NETDB_H 1
| #define HAVE_NETINET_IN_H 1
| #define HAVE_STDLIB_H 1
| #define HAVE_STRING_H 1
| #define HAVE_STRINGS_H 1
| #define HAVE_SYS_SOCKET_H 1
| #define HAVE_SYS_TIME_H 1
| #define HAVE_UNISTD_H 1
| /* end confdefs.h.  */
| #include <stddef.h>
| #ifdef HAVE_STDIO_H
| # include <stdio.h>
| #endif
| #ifdef HAVE_STDLIB_H
| # include <stdlib.h>
| #endif
| #ifdef HAVE_STRING_H
| # include <string.h>
| #endif
| #ifdef HAVE_INTTYPES_H
| # include <inttypes.h>
| #endif
| #ifdef HAVE_STDINT_H
| # include <stdint.h>
| #endif
| #ifdef HAVE_STRINGS_H
| # include <strings.h>
| #endif
| #ifdef HAVE_SYS_TYPES_H
| # include <sys/types.h>
| #endif
| #ifdef HAVE_SYS_STAT_H
| # include <sys/stat.h>
| #endif
| #ifdef HAVE_UNISTD_H
| # include <unistd.h>
| #endif
| int
| main (void)
| {
| if (sizeof ((ssize_t)))
| 	    return 0;
|   ;
|   return 0;
| }
configure:5029: result: yes
configure:5039: checking for int8_t
configure:5039: gcc -c -Wall -Werror -Wno-unused-result -g  conftest.c >&5
configure:5039: $? = 0
configure:5039: gcc -c -Wall -Werror -Wno-unused-result -g  conftest.c >&5
conftest.c: In function 'main':
conftest.c:65:12: error: size of array 'test_array' is negative
   65 | static int test_array [1 - 2 * !((int8_t) (((((int8_t) 1 << N) << N) - 1) * 2 + 1)
      |            ^~~~~~~~~~
configure:5039: $? = 1
configure: failed program was:
| /* confdefs.h */
| #define PACKAGE_NAME "ELF_Linker"
| #define PACKAGE_TARNAME "elf_linker"
| #define PACKAGE_VERSION "1.0"
| #define PACKAGE_STRING "ELF_Linker 1.0"
| #define PACKAGE_BUGREPORT "Guillaume.Huard@imag.fr"
| #define PACKAGE_URL ""
| #define PACKAGE "elf_linker"
| #define VERSION "1.0"
| #define HAVE_STDIO_H 1
| #define HAVE_STDLIB_H 1
| #define HAVE_STRING_H 1
| #define HAVE_INTTYPES_H 1
| #define HAVE_STDINT_H 1
| #define HAVE_STRINGS_H 1
| #define HAVE_SYS_STAT_H 1
| #define HAVE_SYS_TYPES_H 1
| #define HAVE_UNISTD_H 1
| #define HAVE_SYS_PARAM_H 1
| #define STDC_HEADERS 1
| #define HAVE_ARPA_INET_H 1
| #define HAVE_FCNTL_H 1
| #define HAVE_INTTYPES_H 1
| #define HAVE_NETDB_H 1
| #define HAVE_NETINET_IN_H 1
| #define HAVE_STDLIB_H 1
| #define HAVE_STRING_H 1
| #define HAVE_STRINGS_H 1
| #define HAVE_SYS_SOCKET_H 1
| #define HAVE_SYS_TIME_H 1
| #define HAVE_UNISTD_H 1
| /* end confdefs.h.  */
| #include <stddef.h>
| #ifdef HAVE_STDIO_H
| # include <stdio.h>
| #endif
| #ifdef HAVE_STDLIB_H
| # include <stdlib.h>
| #endif
| #ifdef HAVE_STRING_H
| # include <string.h>
| #endif
| #ifdef HAVE_INTTYPES_H
| # include <inttypes.h>
| #endif
| #ifdef HAVE_STDINT_H
| # include <stdint.h>
| #endif
| #ifdef HAVE_STRINGS_H
| # include <strings.h>
| #endif
| #ifdef HAVE_SYS_TYPES_H
| # include <sys/types.h>
| #endif
| #ifdef HAVE_SYS_STAT_H
| # include <sys/stat.h>
| #endif
| #ifdef HAVE_UNISTD_H
| # include <unistd.h>
| #endif
| 	        enum { N = 8 / 2 - 1 };
| int
| main (void)
| {
| static int test_array [1 - 2 * !((int8_t) (((((int8_t) 1 << N) << N) - 1) * 2 + 1)
| 		 < (int8_t) (((((int8_t) 1 << N) << N) - 1) * 2 + 2))];
| test_array [0] = 0;
| return test_array [0];
| 
|   ;
|   return 0;
| }
configure:5039: result: yes
configure:5048: checking for int16_t
configure:5048: gcc -c -Wall -Werror -Wno-unused-result -g  conftest.c >&5
configure:5048: $? = 0
configure:5048: gcc -c -Wall -Werror -Wno-unused-result -g  conftest.c >&5
conftest.c: In function 'main':
conftest.c:65:12: error: size of array 'test_array' is negative
   65 | static int test_array [1 - 2 * !((int16_t) (((((int16_t) 1 << N) << N) - 1) * 2 + 1)
      |            ^~~~~~~~~~
configure:5048: $? = 1
configure: failed program was:
| /* confdefs.h */
| #define PACKAGE_NAME "ELF_Linker"
| #define PACKAGE_TARNAME "elf_linker"
| #define PACKAGE_VERSION "1.0"
| #define PACKAGE_STRING "ELF_Linker 1.0"
| #define PACKAGE_BUGREPORT "Guillaume.Huard@imag.fr"
| #define PACKAGE_URL ""
| #define PACKAGE "elf_linker"
| #define VERSION "1.0"
| #define HAVE_STDIO_H 1
| #define HAVE_STDLIB_H 1
| #define HAVE_STRING_H 1
| #define HAVE_INTTYPES_H 1
| #define HAVE_STDINT_H 1
| #define HAVE_STRINGS_H 1
| #define HAVE_SYS_STAT_H 1
| #define HAVE_SYS_TYPES_H 1
| #define HAVE_UNISTD_H 1
| #define HAVE_SYS_PARAM_H 1
| #define STDC_HEADERS 1
| #define HAVE_ARPA_INET_H 1
| #define HAVE_FCNTL_H 1
| #define HAVE_INTTYPES_H 1
| #define HAVE_NETDB_H 1
| #define HAVE_NETINET_IN_H 1
| #define HAVE_STDLIB_H 1
| #define HAVE_STRING_H 1
| #define HAVE_STRINGS_H 1
| #define HAVE_SYS_SOCKET_H 1
| #define HAVE_SYS_TIME_H 1
| #define HAVE_UNISTD_H 1
| /* end confdefs.h.  */
| #include <stddef.h>
| #ifdef HAVE_STDIO_H
| # include <stdio.h>
| #endif
| #ifdef HAVE_STDLIB_H
| # include <stdlib.h>
| #endif
| #ifdef HAVE_STRING_H
| # include <string.h>
| #endif
| #ifdef HAVE_INTTYPES_H
| # include <inttypes.h>
| #endif
| #ifdef HAVE_STDINT_H
| # include <stdint.h>
| #endif
| #ifdef HAVE_STRINGS_H
| # include <strings.h>
| #endif
| #ifdef HAVE_SYS_TYPES_H
| # include <sys/types.h>
| #endif
| #ifdef HAVE_SYS_STAT_H
| # include <sys/stat.h>
| #endif
| #ifdef HAVE_UNISTD_H
| # include <unistd.h>
| #endif
| 	        enum { N = 16 / 2 - 1 };
| int
| main (void)
| {
| static int test_array [1 - 2 * !((int16_t) (((((int16_t) 1 << N) << N) - 1) * 2 + 1)
| 		 < (int16_t) (((((int16_t) 1 << N) << N) - 1) * 2 + 2))];
| test_array [0] = 0;
| return test_array [0];
| 
|   ;
|   return 0;
| }
configure:5048: result: yes
configure:5057: checking for int32_t
configure:5057: gcc -c -Wall -Werror -Wno-unused-result -g  conftest.c >&5
configure:5057: $? = 0
configure:5057: gcc -c -Wall -Werror -Wno-unused-result -g  conftest.c >&5
conftest.c: In function 'main':
conftest.c:66:67: error: integer overflow in expression of type 'int' results in '-2147483648' [-Werror=overflow]
   66 |                  < (int32_t) (((((int32_t) 1 << N) << N) - 1) * 2 + 2))];
      |                                                                   ^
conftest.c:65:12: error: storage size of 'test_array' isn't constant
   65 | static int test_array [1 - 2 * !((int32_t) (((((int32_t) 1 << N) << N) - 1) * 2 + 1)
      |            ^~~~~~~~~~
conftest.c:65:12: error: unused variable 'test_array' [-Werror=unused-variable]
cc1: all warnings being treated as errors
configure:5057: $? = 1
configure: failed program was:
| /* confdefs.h */
| #define PACKAGE_NAME "ELF_Linker"
| #define PACKAGE_TARNAME "elf_linker"
| #define PACKAGE_VERSION "1.0"
| #define PACKAGE_STRING "ELF_Linker 1.0"
| #define PACKAGE_BUGREPORT "Guillaume.Huard@imag.fr"
| #define PACKAGE_URL ""
| #define PACKAGE "elf_linker"
| #define VERSION "1.0"
| #define HAVE_STDIO_H 1
| #define HAVE_STDLIB_H 1
| #define HAVE_STRING_H 1
| #define HAVE_INTTYPES_H 1
| #define HAVE_STDINT_H 1
| #define HAVE_STRINGS_H 1
| #define HAVE_SYS_STAT_H 1
| #define HAVE_SYS_TYPES_H 1
| #define HAVE_UNISTD_H 1
| #define HAVE_SYS_PARAM_H 1
| #define STDC_HEADERS 1
| #define HAVE_ARPA_INET_H 1
| #define HAVE_FCNTL_H 1
| #define HAVE_INTTYPES_H 1
| #define HAVE_NETDB_H 1
| #define HAVE_NETINET_IN_H 1
| #define HAVE_STDLIB_H 1
| #define HAVE_STRING_H 1
| #define HAVE_STRINGS_H 1
| #define HAVE_SYS_SOCKET_H 1
| #define HAVE_SYS_TIME_H 1
| #define HAVE_UNISTD_H 1
| /* end confdefs.h.  */
| #include <stddef.h>
| #ifdef HAVE_STDIO_H
| # include <stdio.h>
| #endif
| #ifdef HAVE_STDLIB_H
| # include <stdlib.h>
| #endif
| #ifdef HAVE_STRING_H
| # include <string.h>
| #endif
| #ifdef HAVE_INTTYPES_H
| # include <inttypes.h>
| #endif
| #ifdef HAVE_STDINT_H
| # include <stdint.h>
| #endif
| #ifdef HAVE_STRINGS_H
| # include <strings.h>
| #endif
| #ifdef HAVE_SYS_TYPES_H
| # include <sys/types.h>
| #endif
| #ifdef HAVE_SYS_STAT_H
| # include <sys/stat.h>
| #endif
| #ifdef HAVE_UNISTD_H
| # include <unistd.h>
| #endif
| 	        enum { N = 32 / 2 - 1 };
| int
| main (void)
| {
| static int test_array [1 - 2 * !((int32_t) (((((int32_t) 1 << N) << N) - 1) * 2 + 1)
| 		 < (int32_t) (((((int32_t) 1 << N) << N) - 1) * 2 + 2))];
| test_array [0] = 0;
| return test_array [0];
| 
|   ;
|   return 0;
| }
configure:5057: result: yes
configure:5066: checking for int64_t
configure:5066: gcc -c -Wall -Werror -Wno-unused-result -g  conftest.c >&5
configure:5066: $? = 0
configure:5066: gcc -c -Wall -Werror -Wno-unused-result -g  conftest.c >&5
conftest.c: In function 'main':
conftest.c:66:67: error: integer overflow in expression of type 'long int' results in '-9223372036854775808' [-Werror=overflow]
   66 |                  < (int64_t) (((((int64_t) 1 << N) << N) - 1) * 2 + 2))];
      |                                                                   ^
conftest.c:65:12: error: storage size of 'test_array' isn't constant
   65 | static int test_array [1 - 2 * !((int64_t) (((((int64_t) 1 << N) << N) - 1) * 2 + 1)
      |            ^~~~~~~~~~
conftest.c:65:12: error: unused variable 'test_array' [-Werror=unused-variable]
cc1: all warnings being treated as errors
configure:5066: $? = 1
configure: failed program was:
| /* confdefs.h */
| #define PACKAGE_NAME "ELF_Linker"
| #define PACKAGE_TARNAME "elf_linker"
| #define PACKAGE_VERSION "1.0"
| #define PACKAGE_STRING "ELF_Linker 1.0"
| #define PACKAGE_BUGREPORT "Guillaume.Huard@imag.fr"
| #define PACKAGE_URL ""
| #define PACKAGE "elf_linker"
| #define VERSION "1.0"
| #define HAVE_STDIO_H 1
| #define HAVE_STDLIB_H 1
| #define HAVE_STRING_H 1
| #define HAVE_INTTYPES_H 1
| #define HAVE_STDINT_H 1
| #define HAVE_STRINGS_H 1
| #define HAVE_SYS_STAT_H 1
| #define HAVE_SYS_TYPES_H 1
| #define HAVE_UNISTD_H 1
| #define HAVE_SYS_PARAM_H 1
| #define STDC_HEADERS 1
| #define HAVE_ARPA_INET_H 1
| #define HAVE_FCNTL_H 1
| #define HAVE_INTTYPES_H 1
| #define HAVE_NETDB_H 1
| #define HAVE_NETINET_IN_H 1
| #define HAVE_STDLIB_H 1
| #define HAVE_STRING_H 1
| #define HAVE_STRINGS_H 1
| #define HAVE_SYS_SOCKET_H 1
| #define HAVE_SYS_TIME_H 1
| #define HAVE_UNISTD_H 1
| /* end confdefs.h.  */
| #include <stddef.h>
| #ifdef HAVE_STDIO_H
| # include <stdio.h>
| #endif
| #ifdef HAVE_STDLIB_H
| # include <stdlib.h>
| #endif
| #ifdef HAVE_STRING_H
| # include <string.h>
| #endif
| #ifdef HAVE_INTTYPES_H
| # include <inttypes.h>
| #endif
| #ifdef HAVE_STDINT_H
| # include <stdint.h>
| #endif
| #ifdef HAVE_STRINGS_H
| # include <strings.h>
| #endif
| #ifdef HAVE_SYS_TYPES_H
| # include <sys/types.h>
| #endif
| #ifdef HAVE_SYS_STAT_H
| # include <sys/stat.h>
| #endif
| #ifdef HAVE_UNISTD_H
| # include <unistd.h>
| #endif
| 	        enum { N = 64 / 2 - 1 };
| int
| main (void)
| {
| static int test_array [1 - 2 * !((int64_t) (((((int64_t) 1 << N) << N) - 1) * 2 + 1)
| 		 < (int64_t) (((((int64_t) 1 << N) << N) - 1) * 2 + 2))];
| test_array [0] = 0;
| return test_array [0];
| 
|   ;
|   return 0;
| }
configure:5066: result: yes
configure:5075: checking for uint8_t
configure:5075: gcc -c -Wall -Werror -Wno-unused-result -g  conftest.c >&5
configure:5075: $? = 0
configure:5075: result: yes
configure:5087: checking for uint16_t
configure:5087: gcc -c -Wall -Werror -Wno-unused-result -g  conftest.c >&5
configure:5087: $? = 0
configure:5087: result: yes
configure:5097: checking for uint32_t
configure:5097: gcc -c -Wall -Werror -Wno-unused-result -g  conftest.c >&5
configure:5097: $? = 0
configure:5097: result: yes
configure:5109: checking for uint64_t
configure:5109: gcc -c -Wall -Werror -Wno-unused-result -g  conftest.c >&5
configure:5109: $? = 0
configure:5109: result: yes
configure:5121: checking for error_at_line
configure:5138: gcc -o conftest -Wall -Werror -Wno-unused-result -g   conftest.c  >&5
configure:5138: $? = 0
configure:5147: result: yes
configure:5165: checking for fork
configure:5165: gcc -o conftest -Wall -Werror -Wno-unused-result -g   conftest.c  >&5
conftest.c:49:6: error: conflicting types for built-in function 'fork'; expected 'int(void)' [-Werror=builtin-declaration-mismatch]
   49 | char fork ();
      |      ^~~~
cc1: all warnings being treated as errors
configure:5165: $? = 1
configure: failed program was:
| /* confdefs.h */
| #define PACKAGE_NAME "ELF_Linker"
| #define PACKAGE_TARNAME "elf_linker"
| #define PACKAGE_VERSION "1.0"
| #define PACKAGE_STRING "ELF_Linker 1.0"
| #define PACKAGE_BUGREPORT "Guillaume.Huard@imag.fr"
| #define PACKAGE_URL ""
| #define PACKAGE "elf_linker"
| #define VERSION "1.0"
| #define HAVE_STDIO_H 1
| #define HAVE_STDLIB_H 1
| #define HAVE_STRING_H 1
| #define HAVE_INTTYPES_H 1
| #define HAVE_STDINT_H 1
| #define HAVE_STRINGS_H 1
| #define HAVE_SYS_STAT_H 1
| #define HAVE_SYS_TYPES_H 1
| #define HAVE_UNISTD_H 1
| #define HAVE_SYS_PARAM_H 1
| #define STDC_HEADERS 1
| #define HAVE_ARPA_INET_H 1
| #define HAVE_FCNTL_H 1
| #define HAVE_INTTYPES_H 1
| #define HAVE_NETDB_H 1
| #define HAVE_NETINET_IN_H 1
| #define HAVE_STDLIB_H 1
| #define HAVE_STRING_H 1
| #define HAVE_STRINGS_H 1
| #define HAVE_SYS_SOCKET_H 1
| #define HAVE_SYS_TIME_H 1
| #define HAVE_UNISTD_H 1
| /* end confdefs.h.  */
| /* Define fork to an innocuous variant, in case <limits.h> declares fork.
|    For example, HP-UX 11i <limits.h> declares gettimeofday.  */
| #define fork innocuous_fork
| 
| /* System header to define __stub macros and hopefully few prototypes,
|    which can conflict with char fork (); below.  */
| 
| #include <limits.h>
| #undef fork
| 
| /* Override any GCC internal prototype to avoid an error.
|    Use char because int might match the return type of a GCC
|    builtin and then its argument prototype would still apply.  */
| #ifdef __cplusplus
| extern "C"
| #endif
| char fork ();
| /* The GNU C library defines this for functions which it implements
|     to always fail with ENOSYS.  Some functions are actually named
|     something starting with __ and the normal name is an alias.  */
| #if defined __stub_fork || defined __stub___fork
| choke me
| #endif
| 
| int
| main (void)
| {
| return fork ();
|   ;
|   return 0;
| }
configure:5165: result: no
configure:5165: checking for vfork
configure:5165: gcc -o conftest -Wall -Werror -Wno-unused-result -g   conftest.c  >&5
configure:5165: $? = 0
configure:5165: result: yes
configure:5165: checking for getpagesize
configure:5165: gcc -o conftest -Wall -Werror -Wno-unused-result -g   conftest.c  >&5
configure:5165: $? = 0
configure:5165: result: yes
configure:5234: checking for working vfork
configure:5363: result: yes
configure:5394: checking build system type
configure:5409: result: x86_64-pc-linux-gnu
configure:5429: checking host system type
configure:5443: result: x86_64-pc-linux-gnu
configure:5463: checking for GNU libc compatible malloc
configure:5495: gcc -o conftest -Wall -Werror -Wno-unused-result -g   conftest.c  >&5
configure:5495: $? = 0
configure:5495: ./conftest
configure:5495: $? = 0
configure:5506: result: yes
configure:5532: checking for working mmap
configure:5684: gcc -o conftest -Wall -Werror -Wno-unused-result -g   conftest.c  >&5
configure:5684: $? = 0
configure:5684: ./conftest
configure:5684: $? = 0
configure:5695: result: yes
configure:5704: checking for GNU libc compatible realloc
configure:5736: gcc -o conftest -Wall -Werror -Wno-unused-result -g   conftest.c  >&5
configure:5736: $? = 0
configure:5736: ./conftest
configure:5736: $? = 0
configure:5747: result: yes
configure:5769: checking for alarm
configure:5769: gcc -o conftest -Wall -Werror -Wno-unused-result -g   conftest.c  >&5
configure:5769: $? = 0
configure:5769: result: yes
configure:5775: checking for bzero
configure:5775: gcc -o conftest -Wall -Werror -Wno-unused-result -g   conftest.c  >&5
conftest.c:56:6: error: conflicting types for built-in function 'bzero'; expected 'void(void *, long unsigned int)' [-Werror=builtin-declaration-mismatch]
   56 | char bzero ();
      |      ^~~~~
cc1: all warnings being treated as errors
configure:5775: $? = 1
configure: failed program was:
| /* confdefs.h */
| #define PACKAGE_NAME "ELF_Linker"
| #define PACKAGE_TARNAME "elf_linker"
| #define PACKAGE_VERSION "1.0"
| #define PACKAGE_STRING "ELF_Linker 1.0"
| #define PACKAGE_BUGREPORT "Guillaume.Huard@imag.fr"
| #define PACKAGE_URL ""
| #define PACKAGE "elf_linker"
| #define VERSION "1.0"
| #define HAVE_STDIO_H 1
| #define HAVE_STDLIB_H 1
| #define HAVE_STRING_H 1
| #define HAVE_INTTYPES_H 1
| #define HAVE_STDINT_H 1
| #define HAVE_STRINGS_H 1
| #define HAVE_SYS_STAT_H 1
| #define HAVE_SYS_TYPES_H 1
| #define HAVE_UNISTD_H 1
| #define HAVE_SYS_PARAM_H 1
| #define STDC_HEADERS 1
| #define HAVE_ARPA_INET_H 1
| #define HAVE_FCNTL_H 1
| #define HAVE_INTTYPES_H 1
| #define HAVE_NETDB_H 1
| #define HAVE_NETINET_IN_H 1
| #define HAVE_STDLIB_H 1
| #define HAVE_STRING_H 1
| #define HAVE_STRINGS_H 1
| #define HAVE_SYS_SOCKET_H 1
| #define HAVE_SYS_TIME_H 1
| #define HAVE_UNISTD_H 1
| #define HAVE_VFORK 1
| #define HAVE_GETPAGESIZE 1
| #define HAVE_WORKING_VFORK 1
| #define HAVE_MALLOC 1
| #define HAVE_MMAP 1
| #define HAVE_REALLOC 1
| #define HAVE_ALARM 1
| /* end confdefs.h.  */
| /* Define bzero to an innocuous variant, in case <limits.h> declares bzero.
|    For example, HP-UX 11i <limits.h> declares gettimeofday.  */
| #define bzero innocuous_bzero
| 
| /* System header to define __stub macros and hopefully few prototypes,
|    which can conflict with char bzero (); below.  */
| 
| #include <limits.h>
| #undef bzero
| 
| /* Override any GCC internal prototype to avoid an error.
|    Use char because int might match the return type of a GCC
|    builtin and then its argument prototype would still apply.  */
| #ifdef __cplusplus
| extern "C"
| #endif
| char bzero ();
| /* The GNU C library defines this for functions which it implements
|     to always fail with ENOSYS.  Some functions are actually named
|     something starting with __ and the normal name is an alias.  */
| #if defined __stub_bzero || defined __stub___bzero
| choke me
| #endif
| 
| int
| main (void)
| {
| return bzero ();
|   ;
|   return 0;
| }
configure:5775: result: no
configure:5781: checking for dup2
configure:5781: gcc -o conftest -Wall -Werror -Wno-unused-result -g   conftest.c  >&5
configure:5781: $? = 0
configure:5781: result: yes
configure:5787: checking for gethostbyaddr
configure:5787: gcc -o conftest -Wall -Werror -Wno-unused-result -g   conftest.c  >&5
configure:5787: $? = 0
configure:5787: result: yes
configure:5793: checking for gethostbyname
configure:5793: gcc -o conftest -Wall -Werror -Wno-unused-result -g   conftest.c  >&5
configure:5793: $? = 0
configure:5793: result: yes
configure:5799: checking for munmap
configure:5799: gcc -o conftest -Wall -Werror -Wno-unused-result -g   conftest.c  >&5
configure:5799: $? = 0
configure:5799: result: yes
configure:5805: checking for select
configure:5805: gcc -o conftest -Wall -Werror -Wno-unused-result -g   conftest.c  >&5
configure:5805: $? = 0
configure:5805: result: yes
configure:5811: checking for socket
configure:5811: gcc -o conftest -Wall -Werror -Wno-unused-result -g   conftest.c  >&5
configure:5811: $? = 0
configure:5811: result: yes
configure:5817: checking for strerror
configure:5817: gcc -o conftest -Wall -Werror -Wno-unused-result -g   conftest.c  >&5
configure:5817: $? = 0
configure:5817: result: yes
configure:5823: checking for memset
configure:5823: gcc -o conftest -Wall -Werror -Wno-unused-result -g   conftest.c  >&5
conftest.c:63:6: error: conflicting types for built-in function 'memset'; expected 'void *(void *, int,  long unsigned int)' [-Werror=builtin-declaration-mismatch]
   63 | char memset ();
      |      ^~~~~~
conftest.c:55:1: note: 'memset' is declared in header '<string.h>'
   54 | #include <limits.h>
   55 | #undef memset
cc1: all warnings being treated as errors
configure:5823: $? = 1
configure: failed program was:
| /* confdefs.h */
| #define PACKAGE_NAME "ELF_Linker"
| #define PACKAGE_TARNAME "elf_linker"
| #define PACKAGE_VERSION "1.0"
| #define PACKAGE_STRING "ELF_Linker 1.0"
| #define PACKAGE_BUGREPORT "Guillaume.Huard@imag.fr"
| #define PACKAGE_URL ""
| #define PACKAGE "elf_linker"
| #define VERSION "1.0"
| #define HAVE_STDIO_H 1
| #define HAVE_STDLIB_H 1
| #define HAVE_STRING_H 1
| #define HAVE_INTTYPES_H 1
| #define HAVE_STDINT_H 1
| #define HAVE_STRINGS_H 1
| #define HAVE_SYS_STAT_H 1
| #define HAVE_SYS_TYPES_H 1
| #define HAVE_UNISTD_H 1
| #define HAVE_SYS_PARAM_H 1
| #define STDC_HEADERS 1
| #define HAVE_ARPA_INET_H 1
| #define HAVE_FCNTL_H 1
| #define HAVE_INTTYPES_H 1
| #define HAVE_NETDB_H 1
| #define HAVE_NETINET_IN_H 1
| #define HAVE_STDLIB_H 1
| #define HAVE_STRING_H 1
| #define HAVE_STRINGS_H 1
| #define HAVE_SYS_SOCKET_H 1
| #define HAVE_SYS_TIME_H 1
| #define HAVE_UNISTD_H 1
| #define HAVE_VFORK 1
| #define HAVE_GETPAGESIZE 1
| #define HAVE_WORKING_VFORK 1
| #define HAVE_MALLOC 1
| #define HAVE_MMAP 1
| #define HAVE_REALLOC 1
| #define HAVE_ALARM 1
| #define HAVE_DUP2 1
| #define HAVE_GETHOSTBYADDR 1
| #define HAVE_GETHOSTBYNAME 1
| #define HAVE_MUNMAP 1
| #define HAVE_SELECT 1
| #define HAVE_SOCKET 1
| #define HAVE_STRERROR 1
| /* end confdefs.h.  */
| /* Define memset to an innocuous variant, in case <limits.h> declares memset.
|    For example, HP-UX 11i <limits.h> declares gettimeofday.  */
| #define memset innocuous_memset
| 
| /* System header to define __stub macros and hopefully few prototypes,
|    which can conflict with char memset (); below.  */
| 
| #include <limits.h>
| #undef memset
| 
| /* Override any GCC internal prototype to avoid an error.
|    Use char because int might match the return type of a GCC
|    builtin and then its argument prototype would still apply.  */
| #ifdef __cplusplus
| extern "C"
| #endif
| char memset ();
| /* The GNU C library defines this for functions which it implements
|     to always fail with ENOSYS.  Some functions are actually named
|     something starting with __ and the normal name is an alias.  */
| #if defined __stub_memset || defined __stub___memset
| choke me
| #endif
| 
| int
| main (void)
| {
| return memset ();
|   ;
|   return 0;
| }
configure:5823: result: no
configure:5849: checking for arm-elf-gcc
configure:5884: result: no
configure:5849: checking for arm-linux-gnueabi-gcc
configure:5884: result: no
configure:5849: checking for arm-eabi-gcc
configure:5884: result: no
configure:5849: checking for arm-none-eabi-gcc
configure:5870: found /usr/bin/arm-none-eabi-gcc
configure:5881: result: arm-none-eabi-gcc
configure:5931: enabling the Examples directory with arm-none-eabi cross-compiler target
configure:6109: checking that generated files are newer than configure
configure:6115: result: done
configure:6142: creating ./config.status

## ---------------- ##
## Cache variables. ##
## ---------------- ##

ac_cv_build=x86_64-pc-linux-gnu
ac_cv_c_compiler_gnu=yes
ac_cv_c_int16_t=yes
ac_cv_c_int32_t=yes
ac_cv_c_int64_t=yes
ac_cv_c_int8_t=yes
ac_cv_c_uint16_t=yes
ac_cv_c_uint32_t=yes
ac_cv_c_uint64_t=yes
ac_cv_c_uint8_t=yes
ac_cv_env_CC_set=
ac_cv_env_CC_value=
ac_cv_env_CFLAGS_set=set
ac_cv_env_CFLAGS_value='-Wall -Werror -Wno-unused-result -g'
ac_cv_env_CPPFLAGS_set=
ac_cv_env_CPPFLAGS_value=
ac_cv_env_LDFLAGS_set=
ac_cv_env_LDFLAGS_value=
ac_cv_env_LIBS_set=
ac_cv_env_LIBS_value=
ac_cv_env_build_alias_set=
ac_cv_env_build_alias_value=
ac_cv_env_host_alias_set=
ac_cv_env_host_alias_value=
ac_cv_env_target_alias_set=
ac_cv_env_target_alias_value=
ac_cv_func_alarm=yes
ac_cv_func_bzero=no
ac_cv_func_dup2=yes
ac_cv_func_fork=no
ac_cv_func_fork_works=no
ac_cv_func_gethostbyaddr=yes
ac_cv_func_gethostbyname=yes
ac_cv_func_getpagesize=yes
ac_cv_func_malloc_0_nonnull=yes
ac_cv_func_memset=no
ac_cv_func_mmap_fixed_mapped=yes
ac_cv_func_munmap=yes
ac_cv_func_realloc_0_nonnull=yes
ac_cv_func_select=yes
ac_cv_func_socket=yes
ac_cv_func_strerror=yes
ac_cv_func_vfork=yes
ac_cv_func_vfork_works=yes
ac_cv_header_arpa_inet_h=yes
ac_cv_header_fcntl_h=yes
ac_cv_header_inttypes_h=yes
ac_cv_header_netdb_h=yes
ac_cv_header_netinet_in_h=yes
ac_cv_header_stdint_h=yes
ac_cv_header_stdio_h=yes
ac_cv_header_stdlib_h=yes
ac_cv_header_string_h=yes
ac_cv_header_strings_h=yes
ac_cv_header_sys_param_h=yes
ac_cv_header_sys_socket_h=yes
ac_cv_header_sys_stat_h=yes
ac_cv_header_sys_time_h=yes
ac_cv_header_sys_types_h=yes
ac_cv_header_unistd_h=yes
ac_cv_header_vfork_h=no
ac_cv_host=x86_64-pc-linux-gnu
ac_cv_lib_error_at_line=yes
ac_cv_objext=o
ac_cv_path_install='/usr/bin/install -c'
ac_cv_path_mkdir=/usr/bin/mkdir
ac_cv_prog_AWK=mawk
ac_cv_prog_GCC_CROSS=arm-none-eabi-gcc
ac_cv_prog_ac_ct_CC=gcc
ac_cv_prog_cc_c11=
ac_cv_prog_cc_g=yes
ac_cv_prog_cc_stdc=
ac_cv_prog_make_make_set=yes
ac_cv_type_mode_t=yes
ac_cv_type_off_t=yes
ac_cv_type_pid_t=yes
ac_cv_type_size_t=yes
ac_cv_type_ssize_t=yes
am_cv_CC_dependencies_compiler_type=gcc3
am_cv_make_support_nested_variables=yes
am_cv_prog_cc_c_o=yes

## ----------------- ##
## Output variables. ##
## ----------------- ##

ACLOCAL='${SHELL} '\''/home/clement/Documents/GitHub/Projet-PROG5/elf_linker-1.0/build-aux/missing'\'' aclocal-1.16'
AMDEPBACKSLASH='\'
AMDEP_FALSE='#'
AMDEP_TRUE=''
AMTAR='$${TAR-tar}'
AM_BACKSLASH='\'
AM_DEFAULT_V='$(AM_DEFAULT_VERBOSITY)'
AM_DEFAULT_VERBOSITY='1'
AM_V='$(V)'
AUTOCONF='${SHELL} '\''/home/clement/Documents/GitHub/Projet-PROG5/elf_linker-1.0/build-aux/missing'\'' autoconf'
AUTOHEADER='${SHELL} '\''/home/clement/Documents/GitHub/Projet-PROG5/elf_linker-1.0/build-aux/missing'\'' autoheader'
AUTOMAKE='${SHELL} '\''/home/clement/Documents/GitHub/Projet-PROG5/elf_linker-1.0/build-aux/missing'\'' automake-1.16'
AWK='mawk'
CC='gcc'
CCDEPMODE='depmode=gcc3'
CFLAGS='-Wall -Werror -Wno-unused-result -g'
CPPFLAGS=''
CSCOPE='cscope'
CTAGS='ctags'
CYGPATH_W='echo'
DEFS='-DPACKAGE_NAME=\"ELF_Linker\" -DPACKAGE_TARNAME=\"elf_linker\" -DPACKAGE_VERSION=\"1.0\" -DPACKAGE_STRING=\"ELF_Linker\ 1.0\" -DPACKAGE_BUGREPORT=\"Guillaume.Huard@imag.fr\" -DPACKAGE_URL=\"\" -DPACKAGE=\"elf_linker\" -DVERSION=\"1.0\" -DHAVE_STDIO_H=1 -DHAVE_STDLIB_H=1 -DHAVE_STRING_H=1 -DHAVE_INTTYPES_H=1 -DHAVE_STDINT_H=1 -DHAVE_STRINGS_H=1 -DHAVE_SYS_STAT_H=1 -DHAVE_SYS_TYPES_H=1 -DHAVE_UNISTD_H=1 -DHAVE_SYS_PARAM_H=1 -DSTDC_HEADERS=1 -DHAVE_ARPA_INET_H=1 -DHAVE_FCNTL_H=1 -DHAVE_INTTYPES_H=1 -DHAVE_NETDB_H=1 -DHAVE_NETINET_IN_H=1 -DHAVE_STDLIB_H=1 -DHAVE_STRING_H=1 -DHAVE_STRINGS_H=1 -DHAVE_SYS_SOCKET_H=1 -DHAVE_SYS_TIME_H=1 -DHAVE_UNISTD_H=1 -DHAVE_VFORK=1 -DHAVE_GETPAGESIZE=1 -DHAVE_WORKING_VFORK=1 -DHAVE_MALLOC=1 -DHAVE_MMAP=1 -DHAVE_REALLOC=1 -DHAVE_ALARM=1 -DHAVE_DUP2=1 -DHAVE_GETHOSTBYADDR=1 -DHAVE_GETHOSTBYNAME=1 -DHAVE_MUNMAP=1 -DHAVE_SELECT=1 -DHAVE_SOCKET=1 -DHAVE_STRERROR=1'
DEPDIR='.deps'
ECHO_C=''
ECHO_N='-n'
ECHO_T=''
ETAGS='etags'
EXEEXT=''
GCC_CROSS='arm-none-eabi-gcc'
HAVE_ARM_COMPILER_FALSE='#'
HAVE_ARM_COMPILER_TRUE=''
INSTALL_DATA='${INSTALL} -m 644'
INSTALL_PROGRAM='${INSTALL}'
INSTALL_SCRIPT='${INSTALL}'
INSTALL_STRIP_PROGRAM='$(install_sh) -c -s'
LDFLAGS=''
LEX='${SHELL} '\''/home/clement/Documents/GitHub/Projet-PROG5/elf_linker-1.0/build-aux/missing'\'' flex'
LEXLIB=''
LEX_OUTPUT_ROOT=''
LIBOBJS=''
LIBS=''
LTLIBOBJS=''
MAKEINFO='${SHELL} '\''/home/clement/Documents/GitHub/Projet-PROG5/elf_linker-1.0/build-aux/missing'\'' makeinfo'
MKDIR_P='/usr/bin/mkdir -p'
OBJEXT='o'
PACKAGE='elf_linker'
PACKAGE_BUGREPORT='Guillaume.Huard@imag.fr'
PACKAGE_NAME='ELF_Linker'
PACKAGE_STRING='ELF_Linker 1.0'
PACKAGE_TARNAME='elf_linker'
PACKAGE_URL=''
PACKAGE_VERSION='1.0'
PATH_SEPARATOR=':'
SET_MAKE=''
SHELL='/bin/bash'
STRIP=''
VERSION='1.0'
ac_ct_CC='gcc'
am__EXEEXT_FALSE=''
am__EXEEXT_TRUE='#'
am__fastdepCC_FALSE='#'
am__fastdepCC_TRUE=''
am__include='include'
am__isrc=''
am__leading_dot='.'
am__nodep='_no'
am__quote=''
am__tar='$${TAR-tar} chof - "$$tardir"'
am__untar='$${TAR-tar} xf -'
bindir='${exec_prefix}/bin'
build='x86_64-pc-linux-gnu'
build_alias=''
build_cpu='x86_64'
build_os='linux-gnu'
build_vendor='pc'
datadir='${datarootdir}'
datarootdir='${prefix}/share'
docdir='${datarootdir}/doc/${PACKAGE_TARNAME}'
dvidir='${docdir}'
exec_prefix='${prefix}'
host='x86_64-pc-linux-gnu'
host_alias=''
host_cpu='x86_64'
host_os='linux-gnu'
host_vendor='pc'
htmldir='${docdir}'
includedir='${prefix}/include'
infodir='${datarootdir}/info'
install_sh='${SHELL} /home/clement/Documents/GitHub/Projet-PROG5/elf_linker-1.0/build-aux/install-sh'
libdir='${exec_prefix}/lib'
libexecdir='${exec_prefix}/libexec'
localedir='${datarootdir}/locale'
localstatedir='${prefix}/var'
mandir='${datarootdir}/man'
mkdir_p='$(MKDIR_P)'
oldincludedir='/usr/include'
pdfdir='${docdir}'
prefix='/usr/local'
program_transform_name='s,x,x,'
psdir='${docdir}'
runstatedir='${localstatedir}/run'
sbindir='${exec_prefix}/sbin'
sharedstatedir='${prefix}/com'
subdirs_custom=' Examples_loader Examples_fusion'
sysconfdir='${prefix}/etc'
target_alias=''

## ----------- ##
## confdefs.h. ##
## ----------- ##

/* confdefs.h */
#define PACKAGE_NAME "ELF_Linker"
#define PACKAGE_TARNAME "elf_linker"
#define PACKAGE_VERSION "1.0"
#define PACKAGE_STRING "ELF_Linker 1.0"
#define PACKAGE_BUGREPORT "Guillaume.Huard@imag.fr"
#define PACKAGE_URL ""
#define PACKAGE "elf_linker"
#define VERSION "1.0"
#define HAVE_STDIO_H 1
#define HAVE_STDLIB_H 1
#define HAVE_STRING_H 1
#define HAVE_INTTYPES_H 1
#define HAVE_STDINT_H 1
#define HAVE_STRINGS_H 1
#define HAVE_SYS_STAT_H 1
#define HAVE_SYS_TYPES_H 1
#define HAVE_UNISTD_H 1
#define HAVE_SYS_PARAM_H 1
#define STDC_HEADERS 1
#define HAVE_ARPA_INET_H 1
#define HAVE_FCNTL_H 1
#define HAVE_INTTYPES_H 1
#define HAVE_NETDB_H 1
#define HAVE_NETINET_IN_H 1
#define HAVE_STDLIB_H 1
#define HAVE_STRING_H 1
#define HAVE_STRINGS_H 1
#define HAVE_SYS_SOCKET_H 1
#define HAVE_SYS_TIME_H 1
#define HAVE_UNISTD_H 1
#define HAVE_VFORK 1
#define HAVE_GETPAGESIZE 1
#define HAVE_WORKING_VFORK 1
#define HAVE_MALLOC 1
#define HAVE_MMAP 1
#define HAVE_REALLOC 1
#define HAVE_ALARM 1
#define HAVE_DUP2 1
#define HAVE_GETHOSTBYADDR 1
#define HAVE_GETHOSTBYNAME 1
#define HAVE_MUNMAP 1
#define HAVE_SELECT 1
#define HAVE_SOCKET 1
#define HAVE_STRERROR 1

configure: exit 0

## ---------------------- ##
## Running config.status. ##
## ---------------------- ##

This file was extended by ELF_Linker config.status 1.0, which was
generated by GNU Autoconf 2.71.  Invocation command line was

  CONFIG_FILES    = 
  CONFIG_HEADERS  = 
  CONFIG_LINKS    = 
  CONFIG_COMMANDS = 
  $ ./config.status 

on clemPc

config.status:789: creating Makefile
config.status:961: executing depfiles commands
config.status:1038: cd .       && sed -e '/# am--include-marker/d' Makefile         | make -f - am--depfiles
make[1]: Entering directory '/home/clement/Documents/GitHub/Projet-PROG5/elf_linker-1.0'
make[1]: Leaving directory '/home/clement/Documents/GitHub/Projet-PROG5/elf_linker-1.0'
config.status:1043: $? = 0
